{"/Users/dnmsk/Projects/Freelance/sleepyleo/src/App.js": {"path":"/Users/dnmsk/Projects/Freelance/sleepyleo/src/App.js","statementMap":{"0":{"start":{"line":10,"column":4},"end":{"line":10,"column":17}},"1":{"start":{"line":11,"column":4},"end":{"line":14,"column":6}},"2":{"start":{"line":18,"column":4},"end":{"line":18,"column":22}},"3":{"start":{"line":19,"column":4},"end":{"line":19,"column":40}},"4":{"start":{"line":23,"column":33},"end":{"line":23,"column":43}},"5":{"start":{"line":24,"column":4},"end":{"line":26,"column":5}},"6":{"start":{"line":25,"column":6},"end":{"line":25,"column":18}},"7":{"start":{"line":28,"column":4},"end":{"line":32,"column":6}}},"fnMap":{"0":{"name":"(anonymous_0)","decl":{"start":{"line":9,"column":2},"end":{"line":9,"column":3}},"loc":{"start":{"line":9,"column":21},"end":{"line":15,"column":3}},"line":9},"1":{"name":"(anonymous_1)","decl":{"start":{"line":17,"column":2},"end":{"line":17,"column":3}},"loc":{"start":{"line":17,"column":22},"end":{"line":20,"column":3}},"line":17},"2":{"name":"(anonymous_2)","decl":{"start":{"line":22,"column":2},"end":{"line":22,"column":3}},"loc":{"start":{"line":22,"column":11},"end":{"line":33,"column":3}},"line":22}},"branchMap":{"0":{"loc":{"start":{"line":24,"column":4},"end":{"line":26,"column":5}},"type":"if","locations":[{"start":{"line":24,"column":4},"end":{"line":26,"column":5}},{"start":{"line":24,"column":4},"end":{"line":26,"column":5}}],"line":24}},"s":{"0":0,"1":0,"2":0,"3":0,"4":0,"5":0,"6":0,"7":0},"f":{"0":0,"1":0,"2":0},"b":{"0":[0,0]},"_coverageSchema":"332fd63041d2c1bcb487cc26dd0d5f7d97098a6c","hash":"9681cd3672af58668cffb3c2c09c81f136c311a8"}
,"/Users/dnmsk/Projects/Freelance/sleepyleo/src/const/actions.js": {"path":"/Users/dnmsk/Projects/Freelance/sleepyleo/src/const/actions.js","statementMap":{"0":{"start":{"line":1,"column":25},"end":{"line":1,"column":37}},"1":{"start":{"line":2,"column":26},"end":{"line":2,"column":38}},"2":{"start":{"line":3,"column":27},"end":{"line":3,"column":40}}},"fnMap":{},"branchMap":{},"s":{"0":1,"1":1,"2":1},"f":{},"b":{},"_coverageSchema":"332fd63041d2c1bcb487cc26dd0d5f7d97098a6c","hash":"1ea48b6c05c62ce4e4202fb2828910602990b435"}
,"/Users/dnmsk/Projects/Freelance/sleepyleo/src/navigation/DefaultNavigation.js": {"path":"/Users/dnmsk/Projects/Freelance/sleepyleo/src/navigation/DefaultNavigation.js","statementMap":{"0":{"start":{"line":7,"column":26},"end":{"line":17,"column":4}}},"fnMap":{},"branchMap":{},"s":{"0":1},"f":{},"b":{},"_coverageSchema":"332fd63041d2c1bcb487cc26dd0d5f7d97098a6c","hash":"4dbbff65bc239a52682060441b38d4e154336d83"}
,"/Users/dnmsk/Projects/Freelance/sleepyleo/src/navigation/RootNavigation.js": {"path":"/Users/dnmsk/Projects/Freelance/sleepyleo/src/navigation/RootNavigation.js","statementMap":{"0":{"start":{"line":11,"column":42},"end":{"line":11,"column":52}},"1":{"start":{"line":12,"column":4},"end":{"line":12,"column":22}},"2":{"start":{"line":13,"column":21},"end":{"line":13,"column":38}},"3":{"start":{"line":14,"column":4},"end":{"line":18,"column":6}},"4":{"start":{"line":22,"column":24},"end":{"line":27,"column":1}},"5":{"start":{"line":23,"column":2},"end":{"line":23,"column":21}},"6":{"start":{"line":24,"column":2},"end":{"line":26,"column":4}}},"fnMap":{"0":{"name":"(anonymous_0)","decl":{"start":{"line":10,"column":2},"end":{"line":10,"column":3}},"loc":{"start":{"line":10,"column":11},"end":{"line":19,"column":3}},"line":10},"1":{"name":"(anonymous_1)","decl":{"start":{"line":22,"column":24},"end":{"line":22,"column":25}},"loc":{"start":{"line":22,"column":33},"end":{"line":27,"column":1}},"line":22}},"branchMap":{},"s":{"0":0,"1":0,"2":0,"3":0,"4":1,"5":0,"6":0},"f":{"0":0,"1":0},"b":{},"_coverageSchema":"332fd63041d2c1bcb487cc26dd0d5f7d97098a6c","hash":"96ade7da2536ff52947f65987ef7c6741929f045"}
,"/Users/dnmsk/Projects/Freelance/sleepyleo/src/navigation/UserNavigation.js": {"path":"/Users/dnmsk/Projects/Freelance/sleepyleo/src/navigation/UserNavigation.js","statementMap":{},"fnMap":{},"branchMap":{},"s":{},"f":{},"b":{},"_coverageSchema":"332fd63041d2c1bcb487cc26dd0d5f7d97098a6c","hash":"e10398bde7ba51161c3cda874bb9b0b2b33550f9"}
,"/Users/dnmsk/Projects/Freelance/sleepyleo/src/reducers/UserReducer.js": {"path":"/Users/dnmsk/Projects/Freelance/sleepyleo/src/reducers/UserReducer.js","statementMap":{"0":{"start":{"line":3,"column":22},"end":{"line":8,"column":1}},"1":{"start":{"line":11,"column":2},"end":{"line":30,"column":3}},"2":{"start":{"line":13,"column":6},"end":{"line":16,"column":8}},"3":{"start":{"line":18,"column":6},"end":{"line":23,"column":8}},"4":{"start":{"line":25,"column":6},"end":{"line":28,"column":8}}},"fnMap":{"0":{"name":"(anonymous_0)","decl":{"start":{"line":10,"column":15},"end":{"line":10,"column":16}},"loc":{"start":{"line":10,"column":50},"end":{"line":31,"column":1}},"line":10}},"branchMap":{"0":{"loc":{"start":{"line":10,"column":16},"end":{"line":10,"column":37}},"type":"default-arg","locations":[{"start":{"line":10,"column":24},"end":{"line":10,"column":37}}],"line":10},"1":{"loc":{"start":{"line":11,"column":2},"end":{"line":30,"column":3}},"type":"switch","locations":[{"start":{"line":12,"column":4},"end":{"line":16,"column":8}},{"start":{"line":17,"column":4},"end":{"line":23,"column":8}},{"start":{"line":24,"column":4},"end":{"line":28,"column":8}}],"line":11}},"s":{"0":1,"1":1,"2":0,"3":0,"4":0},"f":{"0":1},"b":{"0":[1],"1":[0,0,0]},"_coverageSchema":"332fd63041d2c1bcb487cc26dd0d5f7d97098a6c","hash":"9e55cb14230e1de42b3c1154d4e1ed5cf110380d"}
,"/Users/dnmsk/Projects/Freelance/sleepyleo/src/reducers/index.js": {"path":"/Users/dnmsk/Projects/Freelance/sleepyleo/src/reducers/index.js","statementMap":{"0":{"start":{"line":4,"column":20},"end":{"line":6,"column":2}}},"fnMap":{},"branchMap":{},"s":{"0":1},"f":{},"b":{},"_coverageSchema":"332fd63041d2c1bcb487cc26dd0d5f7d97098a6c","hash":"53526caf6987cefb49ab690159466d5baeba2ae3"}
,"/Users/dnmsk/Projects/Freelance/sleepyleo/src/screens/AboutScreen/index.js": {"path":"/Users/dnmsk/Projects/Freelance/sleepyleo/src/screens/AboutScreen/index.js","statementMap":{},"fnMap":{},"branchMap":{},"s":{},"f":{},"b":{},"_coverageSchema":"332fd63041d2c1bcb487cc26dd0d5f7d97098a6c","hash":"2518b3a0d29b850ba52d8919576ac4cd43d90bb1"}
,"/Users/dnmsk/Projects/Freelance/sleepyleo/src/screens/DefaultScreen/index.js": {"path":"/Users/dnmsk/Projects/Freelance/sleepyleo/src/screens/DefaultScreen/index.js","statementMap":{"0":{"start":{"line":7,"column":4},"end":{"line":14,"column":6}}},"fnMap":{"0":{"name":"(anonymous_0)","decl":{"start":{"line":6,"column":2},"end":{"line":6,"column":3}},"loc":{"start":{"line":6,"column":11},"end":{"line":15,"column":3}},"line":6}},"branchMap":{},"s":{"0":0},"f":{"0":0},"b":{},"_coverageSchema":"332fd63041d2c1bcb487cc26dd0d5f7d97098a6c","hash":"822e0cf39fd465098a94b0e313f956d8a72ab540"}
,"/Users/dnmsk/Projects/Freelance/sleepyleo/src/screens/RegisterScreen/index.js": {"path":"/Users/dnmsk/Projects/Freelance/sleepyleo/src/screens/RegisterScreen/index.js","statementMap":{},"fnMap":{},"branchMap":{},"s":{},"f":{},"b":{},"_coverageSchema":"332fd63041d2c1bcb487cc26dd0d5f7d97098a6c","hash":"8c5b811fd54c87298e853c2924bd709e67bfa27c"}
,"/Users/dnmsk/Projects/Freelance/sleepyleo/src/store/configureStore.js": {"path":"/Users/dnmsk/Projects/Freelance/sleepyleo/src/store/configureStore.js","statementMap":{"0":{"start":{"line":10,"column":34},"end":{"line":10,"column":77}},"1":{"start":{"line":13,"column":16},"end":{"line":13,"column":82}},"2":{"start":{"line":15,"column":2},"end":{"line":22,"column":4}},"3":{"start":{"line":24,"column":2},"end":{"line":24,"column":15}}},"fnMap":{"0":{"name":"configureStore","decl":{"start":{"line":12,"column":24},"end":{"line":12,"column":38}},"loc":{"start":{"line":12,"column":41},"end":{"line":25,"column":1}},"line":12}},"branchMap":{},"s":{"0":1,"1":0,"2":0,"3":0},"f":{"0":0},"b":{},"_coverageSchema":"332fd63041d2c1bcb487cc26dd0d5f7d97098a6c","hash":"871494552933118e617695116ae0777406206753"}
}
