TN:
SF:/Users/dnmsk/Projects/Freelance/sleepyleo/src/App.js
FN:9,(anonymous_0)
FN:17,(anonymous_1)
FN:22,(anonymous_2)
FNF:3
FNH:0
FNDA:0,(anonymous_0)
FNDA:0,(anonymous_1)
FNDA:0,(anonymous_2)
DA:10,0
DA:11,0
DA:18,0
DA:19,0
DA:23,0
DA:24,0
DA:25,0
DA:28,0
LF:8
LH:0
BRDA:24,0,0,0
BRDA:24,0,1,0
BRF:2
BRH:0
end_of_record
TN:
SF:/Users/dnmsk/Projects/Freelance/sleepyleo/src/const/actions.js
FNF:0
FNH:0
DA:1,1
DA:2,1
DA:3,1
LF:3
LH:3
BRF:0
BRH:0
end_of_record
TN:
SF:/Users/dnmsk/Projects/Freelance/sleepyleo/src/navigation/DefaultNavigation.js
FNF:0
FNH:0
DA:7,1
LF:1
LH:1
BRF:0
BRH:0
end_of_record
TN:
SF:/Users/dnmsk/Projects/Freelance/sleepyleo/src/navigation/RootNavigation.js
FN:10,(anonymous_0)
FN:22,(anonymous_1)
FNF:2
FNH:0
FNDA:0,(anonymous_0)
FNDA:0,(anonymous_1)
DA:11,0
DA:12,0
DA:13,0
DA:14,0
DA:22,1
DA:23,0
DA:24,0
LF:7
LH:1
BRF:0
BRH:0
end_of_record
TN:
SF:/Users/dnmsk/Projects/Freelance/sleepyleo/src/navigation/UserNavigation.js
FNF:0
FNH:0
LF:0
LH:0
BRF:0
BRH:0
end_of_record
TN:
SF:/Users/dnmsk/Projects/Freelance/sleepyleo/src/reducers/UserReducer.js
FN:10,(anonymous_0)
FNF:1
FNH:1
FNDA:1,(anonymous_0)
DA:3,1
DA:11,1
DA:13,0
DA:18,0
DA:25,0
LF:5
LH:2
BRDA:10,0,0,1
BRDA:11,1,0,0
BRDA:11,1,1,0
BRDA:11,1,2,0
BRF:4
BRH:1
end_of_record
TN:
SF:/Users/dnmsk/Projects/Freelance/sleepyleo/src/reducers/index.js
FNF:0
FNH:0
DA:4,1
LF:1
LH:1
BRF:0
BRH:0
end_of_record
TN:
SF:/Users/dnmsk/Projects/Freelance/sleepyleo/src/screens/AboutScreen/index.js
FNF:0
FNH:0
LF:0
LH:0
BRF:0
BRH:0
end_of_record
TN:
SF:/Users/dnmsk/Projects/Freelance/sleepyleo/src/screens/DefaultScreen/index.js
FN:6,(anonymous_0)
FNF:1
FNH:0
FNDA:0,(anonymous_0)
DA:7,0
LF:1
LH:0
BRF:0
BRH:0
end_of_record
TN:
SF:/Users/dnmsk/Projects/Freelance/sleepyleo/src/screens/RegisterScreen/index.js
FNF:0
FNH:0
LF:0
LH:0
BRF:0
BRH:0
end_of_record
TN:
SF:/Users/dnmsk/Projects/Freelance/sleepyleo/src/store/configureStore.js
FN:12,configureStore
FNF:1
FNH:0
FNDA:0,configureStore
DA:10,1
DA:13,0
DA:15,0
DA:24,0
LF:4
LH:1
BRF:0
BRH:0
end_of_record
